<?xml version="1.0" encoding="UTF-8"?>
<!-- Generated by org.testng.reporters.JUnitReportReporter -->
<testsuite name="Scripts.TestScripts" tests="10" time="125.438" ignored="0" failures="0" timestamp="13 Oct 2019 07:20:37 GMT" skipped="0" hostname="DELL-PC" errors="0">
  <testcase name="createAccount" time="14.114" classname="Scripts.TestScripts"/>
  <testcase name="SignIn" time="11.762" classname="Scripts.TestScripts"/>
  <testcase name="createAccErr" time="7.654" classname="Scripts.TestScripts"/>
  <testcase name="SigninErr" time="9.765" classname="Scripts.TestScripts"/>
  <testcase name="contactUs" time="14.911" classname="Scripts.TestScripts"/>
  <testcase name="mouseHoverWomen" time="9.934" classname="Scripts.TestScripts"/>
  <testcase name="myOrder" time="12.828" classname="Scripts.TestScripts"/>
  <testcase name="placeOrder" time="26.137" classname="Scripts.TestScripts"/>
  <testcase name="search" time="6.948" classname="Scripts.TestScripts"/>
  <testcase name="viewCart" time="11.385" classname="Scripts.TestScripts"/>
</testsuite> <!-- Scripts.TestScripts -->
