<?xml version="1.0" encoding="UTF-8"?>
<!-- Generated by org.testng.reporters.JUnitReportReporter -->
<testsuite hostname="DELL-PC" name="Scripts.TestScripts" tests="10" failures="0" timestamp="15 Oct 2019 06:54:50 GMT" time="126.806" errors="0">
  <testcase name="contactUs" time="16.581" classname="Scripts.TestScripts"/>
  <testcase name="SignIn" time="11.956" classname="Scripts.TestScripts"/>
  <testcase name="createAccount" time="13.652" classname="Scripts.TestScripts"/>
  <testcase name="viewCart" time="12.760" classname="Scripts.TestScripts"/>
  <testcase name="placeOrder" time="26.881" classname="Scripts.TestScripts"/>
  <testcase name="myOrder" time="12.443" classname="Scripts.TestScripts"/>
  <testcase name="search" time="7.044" classname="Scripts.TestScripts"/>
  <testcase name="mouseHoverWomen" time="10.242" classname="Scripts.TestScripts"/>
  <testcase name="SigninErr" time="7.643" classname="Scripts.TestScripts"/>
  <testcase name="createAccErr" time="7.604" classname="Scripts.TestScripts"/>
</testsuite> <!-- Scripts.TestScripts -->
